<?xml version="1.0" encoding="UTF-8"?>
<testng-results ignored="0" total="1" passed="1" failed="0" skipped="0">
  <reporter-output>
  </reporter-output>
  <suite started-at="2023-09-20T14:51:52 IST" name="Default suite" finished-at="2023-09-20T14:51:54 IST" duration-ms="1975">
    <groups>
    </groups>
    <test started-at="2023-09-20T14:51:52 IST" name="Default test" finished-at="2023-09-20T14:51:54 IST" duration-ms="1975">
      <class name="Sanitytesting.EP8API">
        <test-method signature="Ep8Loading()[pri:4, instance:Sanitytesting.EP8API@209da20d]" started-at="2023-09-20T14:51:52 IST" name="Ep8Loading" finished-at="2023-09-20T14:51:54 IST" duration-ms="1928" status="PASS">
          <reporter-output>
          </reporter-output>
        </test-method> <!-- Ep8Loading -->
      </class> <!-- Sanitytesting.EP8API -->
    </test> <!-- Default test -->
  </suite> <!-- Default suite -->
</testng-results>
